2025-01-16 15:02:35 [[32minfo[39m]: 
2025-01-16 15:02:35 [[32minfo[39m]: Application Started
2025-01-16 15:02:35 [[32minfo[39m]: BOT STARTED
2025-01-16 15:02:35 [[32minfo[39m]: Log file cleared
2025-01-16 15:02:35 [[32minfo[39m]: Account 1 - Getting Wallet Information...
2025-01-16 15:02:35 [[32minfo[39m]: Account 2 - Getting Wallet Information...
2025-01-16 15:02:36 [[32minfo[39m]: Account 1 - Successfully Get Account Information
2025-01-16 15:02:36 [[32minfo[39m]: Account 2 - Successfully Get Account Information
2025-01-16 15:02:37 [[32minfo[39m]: Account 1 - Getting Account Balance...
2025-01-16 15:02:37 [[32minfo[39m]: Account 2 - Getting Account Balance...
2025-01-16 15:02:38 [[32minfo[39m]: Account 1 - Successfully Get Account Balance
2025-01-16 15:02:38 [[32minfo[39m]: Account 2 - Successfully Get Account Balance
2025-01-16 15:02:38 [[32minfo[39m]: Account 1 - Connecting to mango DAPPS...
2025-01-16 15:02:38 [[32minfo[39m]: POST : https://task-api.testnet.mangonetwork.io/mgoUser/loginMgoUserPublic 
2025-01-16 15:02:38 [[32minfo[39m]: Request Header : {"Accept":"application/json, text/plain, */*","Accept-Language":"en-US,en;q=0.9,id;q=0.8","Content-Type":"application/json","Sec-Fetch-Dest":"empty","Sec-Fetch-Site":"same-site","Sec-Fetch-Mode":"cors","User-Agent":"Mozilla/5.0 (Linux; Android 10; SM-N975F) AppleWebKit/537.36 (KHTML, like Gecko) Chrome/125.0.6422.113 Mobile Safari/537.36 OPR/76.2.4027.73374"}
2025-01-16 15:02:38 [[32minfo[39m]: Request Body : "{\"signData\":\"AC1/4/xT6bJwDBfE+FW0l/G2n6q/z7EoO3b2czy50+46JGSra84Kqq64V7OyeL5CHoNtPkc4vBPJmj9x8qcqGgWWgbEUa2T8hLGEjlnJyXRBQ2vR2G139SwEA0ec9hcz5Q==\",\"address\":\"0x31b2df79c97edffd4d72700fe78de4a3eeb53b2b20e409dad7b0b16748a39c81\",\"signTime\":1737014558}"
2025-01-16 15:02:38 [[32minfo[39m]: Account 2 - Connecting to mango DAPPS...
2025-01-16 15:02:38 [[32minfo[39m]: POST : https://task-api.testnet.mangonetwork.io/mgoUser/loginMgoUserPublic 
2025-01-16 15:02:38 [[32minfo[39m]: Request Header : {"Accept":"application/json, text/plain, */*","Accept-Language":"en-US,en;q=0.9,id;q=0.8","Content-Type":"application/json","Sec-Fetch-Dest":"empty","Sec-Fetch-Site":"same-site","Sec-Fetch-Mode":"cors","User-Agent":"Mozilla/5.0 (Linux; Android 10; VOG-L29) AppleWebKit/537.36 (KHTML, like Gecko) Chrome/125.0.6422.113 Mobile Safari/537.36 OPR/76.2.4027.73374"}
2025-01-16 15:02:38 [[32minfo[39m]: Request Body : "{\"signData\":\"ANuQvC1K/U0QCbvPouidtA/6YSxre47kgK8euymVIOuuj2ruLNItW5PuQ5oP4MZpujj65A4w4Geg72t/m0tLCQJljtPOP7d6vXS9B+MiqmH7hkag3Q+Li8PT0rhsUe30hA==\",\"address\":\"0x4934fd0cfe1c0354547c0bd0ab69e980d754371a61268dd4c91199c58f660a51\",\"signTime\":1737014558}"
2025-01-16 15:02:39 [[32minfo[39m]: Response : 200 OK
2025-01-16 15:02:39 [[32minfo[39m]: Response Data : {"code":0,"data":{"BindUrl":{"Discord":"","DiscordState":"3","Twitter":"","TwitterState":"3","Telegram":"","TelegramState":"3"},"InvitedNumber":0,"MgoUser":{"ID":391874,"CreatedAt":"2025-01-16T00:07:41.052+08:00","UpdatedAt":"2025-01-16T16:02:57.121+08:00","address":"0x4934fd0cfe1c0354547c0bd0ab69e980d754371a61268dd4c91199c58f660a51","integral":200,"gas":0,"level":"0","familyId":"1,337,340,426,495,668,2193,327742","pid":327742,"pInvite":"0x31b2df79c97edffd4d72700fe78de4a3eeb53b2b20e409dad7b0b16748a39c81","logintime":"2025-01-16T16:02:57.118+08:00","loginip":"113.183.12.48","joinip":"113.183.12.48","jointime":"2025-01-16T00:07:41.052+08:00","kol":"0","discord":"1327994281658421310","twitter":"1878026336629121024","telegram":"5749675527","status":"1","token":"HijkeD","mark":0,"sourceId":0,"sourceName":"","chatMemberType":"member","telegramType":1},"token":"eyJhbGciOiJIUzI1NiIsInR5cCI6IkpXVCJ9.eyJJRCI6MzkxODc0LCJBZGRyZXNzIjoiMHg0OTM0ZmQwY2ZlMWMwMzU0NTQ3YzBiZDBhYjY5ZTk4MGQ3NTQzNzFhNjEyNjhkZDRjOTExOTljNThmNjYwYTUxIiwiU291cmNlSWQiOjAsIkJ1ZmZlclRpbWUiOjg2NDAwLCJpc3MiOiJxbVBsdXMiLCJhdWQiOlsiR1ZBIl0sImV4cCI6MTczNzEwMDk3NywibmJmIjoxNzM3MDE0NTc3fQ.X5xPGOm3kW0xYNQSTWuCoRrTqP-D-SEcN5awv-V8UCs"},"msg":"Login successful"}...
2025-01-16 15:02:39 [[32minfo[39m]: Response : 200 OK
2025-01-16 15:02:39 [[32minfo[39m]: Response Data : {"code":0,"data":{"BindUrl":{"Discord":"","DiscordState":"3","Twitter":"","TwitterState":"3","Telegram":"","TelegramState":"3"},"InvitedNumber":1,"MgoUser":{"ID":327742,"CreatedAt":"2025-01-11T18:52:53.793+08:00","UpdatedAt":"2025-01-16T16:02:57.129+08:00","address":"0x31b2df79c97edffd4d72700fe78de4a3eeb53b2b20e409dad7b0b16748a39c81","integral":205,"gas":0,"level":"0","familyId":"1,337,340,426,495,668,2193","pid":2193,"pInvite":"0xf72895bd40e3f1d52dd38f5f8a48173b72d2eecd7f133c3603092eb12aa0dccc","logintime":"2025-01-16T16:02:57.126+08:00","loginip":"113.183.12.48","joinip":"113.168.98.193","jointime":"2025-01-11T18:52:53.789+08:00","kol":"0","discord":"872737581819916328","twitter":"1424214987002703880","telegram":"1092680235","status":"1","token":"HospvH","mark":0,"sourceId":0,"sourceName":"","chatMemberType":"member","telegramType":1},"token":"eyJhbGciOiJIUzI1NiIsInR5cCI6IkpXVCJ9.eyJJRCI6MzI3NzQyLCJBZGRyZXNzIjoiMHgzMWIyZGY3OWM5N2VkZmZkNGQ3MjcwMGZlNzhkZTRhM2VlYjUzYjJiMjBlNDA5ZGFkN2IwYjE2NzQ4YTM5YzgxIiwiU291cmNlSWQiOjAsIkJ1ZmZlclRpbWUiOjg2NDAwLCJpc3MiOiJxbVBsdXMiLCJhdWQiOlsiR1ZBIl0sImV4cCI6MTczNzEwMDk3NywibmJmIjoxNzM3MDE0NTc3fQ.UNgNoSni4vFgy1fStVuoPMYwgSRs-NITzThApiKFhOU"},"msg":"Login successful"}...
2025-01-16 15:02:39 [[32minfo[39m]: Account 2 - Login successful
2025-01-16 15:02:39 [[32minfo[39m]: Account 1 - Login successful
2025-01-16 15:02:40 [[32minfo[39m]: Account 2 - Getting User Information..
2025-01-16 15:02:40 [[32minfo[39m]: GET : https://task-api.testnet.mangonetwork.io/mgoUser/getMgoUser 
2025-01-16 15:02:40 [[32minfo[39m]: Request Header : {"Accept":"application/json, text/plain, */*","Accept-Language":"en-US,en;q=0.9,id;q=0.8","Content-Type":"application/json","Sec-Fetch-Dest":"empty","Sec-Fetch-Site":"same-site","Sec-Fetch-Mode":"cors","User-Agent":"Mozilla/5.0 (Linux; Android 10; VOG-L29) AppleWebKit/537.36 (KHTML, like Gecko) Chrome/125.0.6422.113 Mobile Safari/537.36 OPR/76.2.4027.73374","mgo-token":"eyJhbGciOiJIUzI1NiIsInR5cCI6IkpXVCJ9.eyJJRCI6MzkxODc0LCJBZGRyZXNzIjoiMHg0OTM0ZmQwY2ZlMWMwMzU0NTQ3YzBiZDBhYjY5ZTk4MGQ3NTQzNzFhNjEyNjhkZDRjOTExOTljNThmNjYwYTUxIiwiU291cmNlSWQiOjAsIkJ1ZmZlclRpbWUiOjg2NDAwLCJpc3MiOiJxbVBsdXMiLCJhdWQiOlsiR1ZBIl0sImV4cCI6MTczNzEwMDk3NywibmJmIjoxNzM3MDE0NTc3fQ.X5xPGOm3kW0xYNQSTWuCoRrTqP-D-SEcN5awv-V8UCs"}
2025-01-16 15:02:40 [[32minfo[39m]: Request Body : undefined
2025-01-16 15:02:40 [[32minfo[39m]: Account 1 - Getting User Information..
2025-01-16 15:02:40 [[32minfo[39m]: GET : https://task-api.testnet.mangonetwork.io/mgoUser/getMgoUser 
2025-01-16 15:02:40 [[32minfo[39m]: Request Header : {"Accept":"application/json, text/plain, */*","Accept-Language":"en-US,en;q=0.9,id;q=0.8","Content-Type":"application/json","Sec-Fetch-Dest":"empty","Sec-Fetch-Site":"same-site","Sec-Fetch-Mode":"cors","User-Agent":"Mozilla/5.0 (Linux; Android 10; SM-N975F) AppleWebKit/537.36 (KHTML, like Gecko) Chrome/125.0.6422.113 Mobile Safari/537.36 OPR/76.2.4027.73374","mgo-token":"eyJhbGciOiJIUzI1NiIsInR5cCI6IkpXVCJ9.eyJJRCI6MzI3NzQyLCJBZGRyZXNzIjoiMHgzMWIyZGY3OWM5N2VkZmZkNGQ3MjcwMGZlNzhkZTRhM2VlYjUzYjJiMjBlNDA5ZGFkN2IwYjE2NzQ4YTM5YzgxIiwiU291cmNlSWQiOjAsIkJ1ZmZlclRpbWUiOjg2NDAwLCJpc3MiOiJxbVBsdXMiLCJhdWQiOlsiR1ZBIl0sImV4cCI6MTczNzEwMDk3NywibmJmIjoxNzM3MDE0NTc3fQ.UNgNoSni4vFgy1fStVuoPMYwgSRs-NITzThApiKFhOU"}
2025-01-16 15:02:40 [[32minfo[39m]: Request Body : undefined
2025-01-16 15:02:40 [[32minfo[39m]: Response : 200 OK
2025-01-16 15:02:40 [[32minfo[39m]: Response Data : {"code":0,"data":{"BindUrl":{"Discord":"","DiscordState":"3","Twitter":"","TwitterState":"3","Telegram":"","TelegramState":"3"},"InvitedNumber":1,"MgoUser":{"ID":327742,"CreatedAt":"2025-01-11T18:52:53.793+08:00","UpdatedAt":"2025-01-16T16:02:57.129+08:00","address":"0x31b2df79c97edffd4d72700fe78de4a3eeb53b2b20e409dad7b0b16748a39c81","integral":205,"gas":0,"level":"0","familyId":"1,337,340,426,495,668,2193","pid":2193,"pInvite":"0xf72895bd40e3f1d52dd38f5f8a48173b72d2eecd7f133c3603092eb12aa0dccc","logintime":"2025-01-16T16:02:57.126+08:00","loginip":"113.183.12.48","joinip":"113.168.98.193","jointime":"2025-01-11T18:52:53.789+08:00","kol":"0","discord":"872737581819916328","twitter":"1424214987002703880","telegram":"1092680235","status":"1","token":"HospvH","mark":0,"sourceId":0,"sourceName":"","chatMemberType":"member","telegramType":1},"Premium":"vYYQxW"},"msg":"Obtain user information successfully"}...
2025-01-16 15:02:40 [[32minfo[39m]: Response : 200 OK
2025-01-16 15:02:40 [[32minfo[39m]: Response Data : {"code":0,"data":{"BindUrl":{"Discord":"","DiscordState":"3","Twitter":"","TwitterState":"3","Telegram":"","TelegramState":"3"},"InvitedNumber":0,"MgoUser":{"ID":391874,"CreatedAt":"2025-01-16T00:07:41.052+08:00","UpdatedAt":"2025-01-16T16:02:57.121+08:00","address":"0x4934fd0cfe1c0354547c0bd0ab69e980d754371a61268dd4c91199c58f660a51","integral":200,"gas":0,"level":"0","familyId":"1,337,340,426,495,668,2193,327742","pid":327742,"pInvite":"0x31b2df79c97edffd4d72700fe78de4a3eeb53b2b20e409dad7b0b16748a39c81","logintime":"2025-01-16T16:02:57.118+08:00","loginip":"113.183.12.48","joinip":"113.183.12.48","jointime":"2025-01-16T00:07:41.052+08:00","kol":"0","discord":"1327994281658421310","twitter":"1878026336629121024","telegram":"5749675527","status":"1","token":"HijkeD","mark":0,"sourceId":0,"sourceName":"","chatMemberType":"member","telegramType":1},"Premium":"HospvH"},"msg":"Obtain user information successfully"}...
2025-01-16 15:02:40 [[32minfo[39m]: Account 1 - Obtain user information successfully
2025-01-16 15:02:40 [[32minfo[39m]: Account 2 - Obtain user information successfully
2025-01-16 15:02:41 [[32minfo[39m]: POST : https://task-api.testnet.mangonetwork.io/base/getFaucet 
2025-01-16 15:02:41 [[32minfo[39m]: Request Header : {"Accept":"application/json, text/plain, */*","Accept-Language":"en-US,en;q=0.9,id;q=0.8","Content-Type":"application/json","Sec-Fetch-Dest":"empty","Sec-Fetch-Site":"same-site","Sec-Fetch-Mode":"cors","User-Agent":"Mozilla/5.0 (Linux; Android 10; SM-N975F) AppleWebKit/537.36 (KHTML, like Gecko) Chrome/125.0.6422.113 Mobile Safari/537.36 OPR/76.2.4027.73374","mgo-token":"eyJhbGciOiJIUzI1NiIsInR5cCI6IkpXVCJ9.eyJJRCI6MzI3NzQyLCJBZGRyZXNzIjoiMHgzMWIyZGY3OWM5N2VkZmZkNGQ3MjcwMGZlNzhkZTRhM2VlYjUzYjJiMjBlNDA5ZGFkN2IwYjE2NzQ4YTM5YzgxIiwiU291cmNlSWQiOjAsIkJ1ZmZlclRpbWUiOjg2NDAwLCJpc3MiOiJxbVBsdXMiLCJhdWQiOlsiR1ZBIl0sImV4cCI6MTczNzEwMDk3NywibmJmIjoxNzM3MDE0NTc3fQ.UNgNoSni4vFgy1fStVuoPMYwgSRs-NITzThApiKFhOU"}
2025-01-16 15:02:41 [[32minfo[39m]: Request Body : "{\"chain\":\"0\",\"type\":false}"
2025-01-16 15:02:41 [[32minfo[39m]: Account 1 - Requesting MGO Faucet
2025-01-16 15:02:41 [[32minfo[39m]: POST : https://task-api.testnet.mangonetwork.io/base/getFaucet 
2025-01-16 15:02:41 [[32minfo[39m]: Request Header : {"Accept":"application/json, text/plain, */*","Accept-Language":"en-US,en;q=0.9,id;q=0.8","Content-Type":"application/json","Sec-Fetch-Dest":"empty","Sec-Fetch-Site":"same-site","Sec-Fetch-Mode":"cors","User-Agent":"Mozilla/5.0 (Linux; Android 10; VOG-L29) AppleWebKit/537.36 (KHTML, like Gecko) Chrome/125.0.6422.113 Mobile Safari/537.36 OPR/76.2.4027.73374","mgo-token":"eyJhbGciOiJIUzI1NiIsInR5cCI6IkpXVCJ9.eyJJRCI6MzkxODc0LCJBZGRyZXNzIjoiMHg0OTM0ZmQwY2ZlMWMwMzU0NTQ3YzBiZDBhYjY5ZTk4MGQ3NTQzNzFhNjEyNjhkZDRjOTExOTljNThmNjYwYTUxIiwiU291cmNlSWQiOjAsIkJ1ZmZlclRpbWUiOjg2NDAwLCJpc3MiOiJxbVBsdXMiLCJhdWQiOlsiR1ZBIl0sImV4cCI6MTczNzEwMDk3NywibmJmIjoxNzM3MDE0NTc3fQ.X5xPGOm3kW0xYNQSTWuCoRrTqP-D-SEcN5awv-V8UCs"}
2025-01-16 15:02:41 [[32minfo[39m]: Request Body : "{\"chain\":\"0\",\"type\":false}"
2025-01-16 15:02:41 [[32minfo[39m]: Account 2 - Requesting MGO Faucet
2025-01-16 15:02:41 [[32minfo[39m]: Response : 200 OK
2025-01-16 15:02:41 [[32minfo[39m]: Response Data : {"code":7,"data":{},"msg":"The address has reached the upper limit for receiving money on this test chain."}...
2025-01-16 15:02:41 [[32minfo[39m]: Response : 200 OK
2025-01-16 15:02:41 [[32minfo[39m]: Response Data : {"code":7,"data":{},"msg":"The address has reached the upper limit for receiving money on this test chain."}...
2025-01-16 15:02:42 [[32minfo[39m]: Account 1 - The address has reached the upper limit for receiving money on this test chain.
2025-01-16 15:02:42 [[32minfo[39m]: Account 2 - The address has reached the upper limit for receiving money on this test chain.
2025-01-16 15:02:43 [[32minfo[39m]: POST : https://task-api.testnet.mangonetwork.io/base/addStep 
2025-01-16 15:02:43 [[32minfo[39m]: Request Header : {"Accept":"application/json, text/plain, */*","Accept-Language":"en-US,en;q=0.9,id;q=0.8","Content-Type":"application/json","Sec-Fetch-Dest":"empty","Sec-Fetch-Site":"same-site","Sec-Fetch-Mode":"cors","User-Agent":"Mozilla/5.0 (Linux; Android 10; SM-N975F) AppleWebKit/537.36 (KHTML, like Gecko) Chrome/125.0.6422.113 Mobile Safari/537.36 OPR/76.2.4027.73374","mgo-token":"eyJhbGciOiJIUzI1NiIsInR5cCI6IkpXVCJ9.eyJJRCI6MzI3NzQyLCJBZGRyZXNzIjoiMHgzMWIyZGY3OWM5N2VkZmZkNGQ3MjcwMGZlNzhkZTRhM2VlYjUzYjJiMjBlNDA5ZGFkN2IwYjE2NzQ4YTM5YzgxIiwiU291cmNlSWQiOjAsIkJ1ZmZlclRpbWUiOjg2NDAwLCJpc3MiOiJxbVBsdXMiLCJhdWQiOlsiR1ZBIl0sImV4cCI6MTczNzEwMDk3NywibmJmIjoxNzM3MDE0NTc3fQ.UNgNoSni4vFgy1fStVuoPMYwgSRs-NITzThApiKFhOU"}
2025-01-16 15:02:43 [[32minfo[39m]: Request Body : "{\"taskId\":1,\"stepId\":0}"
2025-01-16 15:02:43 [[32minfo[39m]: POST : https://task-api.testnet.mangonetwork.io/base/addStep 
2025-01-16 15:02:43 [[32minfo[39m]: Request Header : {"Accept":"application/json, text/plain, */*","Accept-Language":"en-US,en;q=0.9,id;q=0.8","Content-Type":"application/json","Sec-Fetch-Dest":"empty","Sec-Fetch-Site":"same-site","Sec-Fetch-Mode":"cors","User-Agent":"Mozilla/5.0 (Linux; Android 10; VOG-L29) AppleWebKit/537.36 (KHTML, like Gecko) Chrome/125.0.6422.113 Mobile Safari/537.36 OPR/76.2.4027.73374","mgo-token":"eyJhbGciOiJIUzI1NiIsInR5cCI6IkpXVCJ9.eyJJRCI6MzkxODc0LCJBZGRyZXNzIjoiMHg0OTM0ZmQwY2ZlMWMwMzU0NTQ3YzBiZDBhYjY5ZTk4MGQ3NTQzNzFhNjEyNjhkZDRjOTExOTljNThmNjYwYTUxIiwiU291cmNlSWQiOjAsIkJ1ZmZlclRpbWUiOjg2NDAwLCJpc3MiOiJxbVBsdXMiLCJhdWQiOlsiR1ZBIl0sImV4cCI6MTczNzEwMDk3NywibmJmIjoxNzM3MDE0NTc3fQ.X5xPGOm3kW0xYNQSTWuCoRrTqP-D-SEcN5awv-V8UCs"}
2025-01-16 15:02:43 [[32minfo[39m]: Request Body : "{\"taskId\":1,\"stepId\":0}"
2025-01-16 15:02:43 [[32minfo[39m]: Response : 200 OK
2025-01-16 15:02:43 [[32minfo[39m]: Response Data : {"code":7,"data":{},"msg":"Please do not resubmit"}...
2025-01-16 15:02:43 [[32minfo[39m]: Response : 200 OK
2025-01-16 15:02:43 [[32minfo[39m]: Response Data : {"code":7,"data":{},"msg":"Please do not resubmit"}...
2025-01-16 15:02:44 [[32minfo[39m]: Account 1 - Trying to Daily Sign In
2025-01-16 15:02:44 [[32minfo[39m]: Account 2 - Trying to Daily Sign In
2025-01-16 15:02:45 [[32minfo[39m]: Account 1 - Executing Tx ...
2025-01-16 15:02:45 [[32minfo[39m]: Account 2 - Executing Tx ...
2025-01-16 15:02:46 [[32minfo[39m]: Account 1 - Failed to Daily Sign In, Possible already Sign In
2025-01-16 15:02:46 [[32minfo[39m]: Account 2 - Failed to Daily Sign In, Possible already Sign In
2025-01-16 15:02:48 [[32minfo[39m]: Account 1 - Getting Swap Task Details..
2025-01-16 15:02:48 [[32minfo[39m]: POST : https://task-api.testnet.mangonetwork.io/base/taskDetail 
2025-01-16 15:02:48 [[32minfo[39m]: Request Header : {"Accept":"application/json, text/plain, */*","Accept-Language":"en-US,en;q=0.9,id;q=0.8","Content-Type":"application/json","Sec-Fetch-Dest":"empty","Sec-Fetch-Site":"same-site","Sec-Fetch-Mode":"cors","User-Agent":"Mozilla/5.0 (Linux; Android 10; SM-N975F) AppleWebKit/537.36 (KHTML, like Gecko) Chrome/125.0.6422.113 Mobile Safari/537.36 OPR/76.2.4027.73374","mgo-token":"eyJhbGciOiJIUzI1NiIsInR5cCI6IkpXVCJ9.eyJJRCI6MzI3NzQyLCJBZGRyZXNzIjoiMHgzMWIyZGY3OWM5N2VkZmZkNGQ3MjcwMGZlNzhkZTRhM2VlYjUzYjJiMjBlNDA5ZGFkN2IwYjE2NzQ4YTM5YzgxIiwiU291cmNlSWQiOjAsIkJ1ZmZlclRpbWUiOjg2NDAwLCJpc3MiOiJxbVBsdXMiLCJhdWQiOlsiR1ZBIl0sImV4cCI6MTczNzEwMDk3NywibmJmIjoxNzM3MDE0NTc3fQ.UNgNoSni4vFgy1fStVuoPMYwgSRs-NITzThApiKFhOU"}
2025-01-16 15:02:48 [[32minfo[39m]: Request Body : "{\"taskId\":2,\"type\":0}"
2025-01-16 15:02:48 [[32minfo[39m]: Account 2 - Getting Swap Task Details..
2025-01-16 15:02:48 [[32minfo[39m]: POST : https://task-api.testnet.mangonetwork.io/base/taskDetail 
2025-01-16 15:02:48 [[32minfo[39m]: Request Header : {"Accept":"application/json, text/plain, */*","Accept-Language":"en-US,en;q=0.9,id;q=0.8","Content-Type":"application/json","Sec-Fetch-Dest":"empty","Sec-Fetch-Site":"same-site","Sec-Fetch-Mode":"cors","User-Agent":"Mozilla/5.0 (Linux; Android 10; VOG-L29) AppleWebKit/537.36 (KHTML, like Gecko) Chrome/125.0.6422.113 Mobile Safari/537.36 OPR/76.2.4027.73374","mgo-token":"eyJhbGciOiJIUzI1NiIsInR5cCI6IkpXVCJ9.eyJJRCI6MzkxODc0LCJBZGRyZXNzIjoiMHg0OTM0ZmQwY2ZlMWMwMzU0NTQ3YzBiZDBhYjY5ZTk4MGQ3NTQzNzFhNjEyNjhkZDRjOTExOTljNThmNjYwYTUxIiwiU291cmNlSWQiOjAsIkJ1ZmZlclRpbWUiOjg2NDAwLCJpc3MiOiJxbVBsdXMiLCJhdWQiOlsiR1ZBIl0sImV4cCI6MTczNzEwMDk3NywibmJmIjoxNzM3MDE0NTc3fQ.X5xPGOm3kW0xYNQSTWuCoRrTqP-D-SEcN5awv-V8UCs"}
2025-01-16 15:02:48 [[32minfo[39m]: Request Body : "{\"taskId\":2,\"type\":0}"
2025-01-16 15:02:48 [[32minfo[39m]: Response : 200 OK
2025-01-16 15:02:48 [[32minfo[39m]: Response Data : {"code":0,"data":{"detail":{"ID":2,"image":"https://task-api.testnet.mangonetwork.io/uploads/file/061fba9f285f5c5047fcb4529d11770f_20240514110125.png","type":"2","title":"Mango Swap","content":"<p><br></p>","daily":"3","url":"https://swap.testnet.mangonetwork.io","status":0},"rewards":[{"label":"1","value":"5","extend":"5"}],"step":[{"label":"MGO back to USDT","value":"USDT","extend":"Submit Cross-Chain interaction proof","sort":0,"address":"","status":"0","image":""},{"label":"Exchange USDT back to MAI","value":"submit","extend":"Submit Cross-Chain interaction proof","sort":1,"address":"","status":"0","image":""},{"label":"Use the obtained MAI to exchange for USDT","value":"USDT","extend":"Submit Cross-Chain interaction proof","sort":2,"address":"","status":"0","image":""}]},"msg":"Success"}...
2025-01-16 15:02:48 [[32minfo[39m]: Response : 200 OK
2025-01-16 15:02:48 [[32minfo[39m]: Response Data : {"code":0,"data":{"detail":{"ID":2,"image":"https://task-api.testnet.mangonetwork.io/uploads/file/061fba9f285f5c5047fcb4529d11770f_20240514110125.png","type":"2","title":"Mango Swap","content":"<p><br></p>","daily":"3","url":"https://swap.testnet.mangonetwork.io","status":0},"rewards":[{"label":"1","value":"5","extend":"5"}],"step":[{"label":"MGO back to USDT","value":"USDT","extend":"Submit Cross-Chain interaction proof","sort":0,"address":"","status":"0","image":""},{"label":"Exchange USDT back to MAI","value":"submit","extend":"Submit Cross-Chain interaction proof","sort":1,"address":"","status":"0","image":""},{"label":"Use the obtained MAI to exchange for USDT","value":"USDT","extend":"Submit Cross-Chain interaction proof","sort":2,"address":"","status":"0","image":""}]},"msg":"Success"}...
2025-01-16 15:02:49 [[32minfo[39m]: Account 1 - Success
2025-01-16 15:02:49 [[32minfo[39m]: Account 2 - Success
2025-01-16 15:02:49 [[32minfo[39m]: Cannot read properties of undefined (reading 'balance')
2025-01-16 15:02:49 [[32minfo[39m]: Cannot read properties of undefined (reading 'balance')
2025-01-16 15:02:54 [[32minfo[39m]: Account 1 - Cannot read properties of undefined (reading 'balance')
2025-01-16 15:02:54 [[32minfo[39m]: Account 2 - Cannot read properties of undefined (reading 'balance')
2025-01-16 15:02:55 [[32minfo[39m]: Account 1 - Getting Wallet Information...
2025-01-16 15:02:55 [[32minfo[39m]: Account 2 - Getting Wallet Information...
2025-01-16 15:02:56 [[32minfo[39m]: Account 1 - Successfully Get Account Information
2025-01-16 15:02:56 [[32minfo[39m]: Account 2 - Successfully Get Account Information
2025-01-16 15:02:56 [[32minfo[39m]: Account 1 - Getting Account Balance...
2025-01-16 15:02:56 [[32minfo[39m]: Account 2 - Getting Account Balance...
2025-01-16 15:02:57 [[32minfo[39m]: Account 1 - Successfully Get Account Balance
2025-01-16 15:02:58 [[32minfo[39m]: Account 2 - Successfully Get Account Balance
2025-01-16 15:02:58 [[32minfo[39m]: Account 1 - Connecting to mango DAPPS...
2025-01-16 15:02:58 [[32minfo[39m]: POST : https://task-api.testnet.mangonetwork.io/mgoUser/loginMgoUserPublic 
2025-01-16 15:02:58 [[32minfo[39m]: Request Header : {"Accept":"application/json, text/plain, */*","Accept-Language":"en-US,en;q=0.9,id;q=0.8","Content-Type":"application/json","Sec-Fetch-Dest":"empty","Sec-Fetch-Site":"same-site","Sec-Fetch-Mode":"cors","User-Agent":"Mozilla/5.0 (Linux; Android 10; Pixel 3 XL) AppleWebKit/537.36 (KHTML, like Gecko) Chrome/125.0.6422.113 Mobile Safari/537.36 EdgA/124.0.2478.104"}
2025-01-16 15:02:58 [[32minfo[39m]: Request Body : "{\"signData\":\"AD3eg2YaxfQavQT9BWe67ss1o9tp9bjUAGYRJbTUBZ/zDoQ7WzR1HXCfVckWaAvqFJXywSbxpoiYgZI9fJk+9QqWgbEUa2T8hLGEjlnJyXRBQ2vR2G139SwEA0ec9hcz5Q==\",\"address\":\"0x31b2df79c97edffd4d72700fe78de4a3eeb53b2b20e409dad7b0b16748a39c81\",\"signTime\":1737014578}"
2025-01-16 15:02:58 [[32minfo[39m]: Account 2 - Connecting to mango DAPPS...
2025-01-16 15:02:58 [[32minfo[39m]: POST : https://task-api.testnet.mangonetwork.io/mgoUser/loginMgoUserPublic 
2025-01-16 15:02:58 [[32minfo[39m]: Request Header : {"Accept":"application/json, text/plain, */*","Accept-Language":"en-US,en;q=0.9,id;q=0.8","Content-Type":"application/json","Sec-Fetch-Dest":"empty","Sec-Fetch-Site":"same-site","Sec-Fetch-Mode":"cors","User-Agent":"Mozilla/5.0 (iPhone; CPU iPhone OS 17_5 like Mac OS X) AppleWebKit/605.1.15 (KHTML, like Gecko) CriOS/125.0.6422.80 Mobile/15E148 Safari/604.1"}
2025-01-16 15:02:58 [[32minfo[39m]: Request Body : "{\"signData\":\"ABL0rA1+2XGrXn9Xhqo21rK/YszSozKcTlMqp/olixCWhCV80BhS7XfWfswnvUVWwEfxd0TBpknYy5XWYYJGpQRljtPOP7d6vXS9B+MiqmH7hkag3Q+Li8PT0rhsUe30hA==\",\"address\":\"0x4934fd0cfe1c0354547c0bd0ab69e980d754371a61268dd4c91199c58f660a51\",\"signTime\":1737014578}"
